<?xml version="1.0" encoding="UTF-8"?>
<!-- Generated by org.testng.reporters.JUnitReportReporter -->
<testsuite hostname="Kishore-HP" failures="0" tests="1" name="DemoGIT.GitDemo.DemoGitPractice" time="7.610" errors="0" timestamp="30 Aug 2020 15:17:14 GMT">
  <testcase classname="DemoGIT.GitDemo.DemoGitPractice" name="test" time="7.610"/>
</testsuite> <!-- DemoGIT.GitDemo.DemoGitPractice -->
